[GIN-debug] [WARNING] Creating an Engine instance with the Logger and Recovery middleware already attached.

[GIN-debug] [WARNING] Running in "debug" mode. Switch to "release" mode in production.
 - using env:	export GIN_MODE=release
 - using code:	gin.SetMode(gin.ReleaseMode)

[GIN-debug] GET    /style/*filepath          --> github.com/gin-gonic/gin.(*RouterGroup).createStaticHandler.func1 (4 handlers)
[GIN-debug] HEAD   /style/*filepath          --> github.com/gin-gonic/gin.(*RouterGroup).createStaticHandler.func1 (4 handlers)
[GIN-debug] GET    /images/*filepath         --> github.com/gin-gonic/gin.(*RouterGroup).createStaticHandler.func1 (4 handlers)
[GIN-debug] HEAD   /images/*filepath         --> github.com/gin-gonic/gin.(*RouterGroup).createStaticHandler.func1 (4 handlers)
[GIN-debug] GET    /js/*filepath             --> github.com/gin-gonic/gin.(*RouterGroup).createStaticHandler.func1 (4 handlers)
[GIN-debug] HEAD   /js/*filepath             --> github.com/gin-gonic/gin.(*RouterGroup).createStaticHandler.func1 (4 handlers)
[GIN-debug] GET    /                         --> main.main.(*RouterGroup).StaticFile.func5 (4 handlers)
[GIN-debug] HEAD   /                         --> main.main.(*RouterGroup).StaticFile.func5 (4 handlers)
[GIN-debug] GET    /health                   --> main.main.func3 (4 handlers)
[GIN-debug] POST   /auth/login               --> main.handleLogin (4 handlers)
[GIN-debug] POST   /auth/register            --> main.handleRegister (4 handlers)
[GIN-debug] POST   /auth/forgot-password     --> main.handleForgotPassword (4 handlers)
[GIN-debug] POST   /auth/verify-otp          --> main.handleVerifyOTP (4 handlers)
[GIN-debug] POST   /auth/change-password     --> main.handleChangePassword (4 handlers)
[GIN-debug] POST   /auth/logout              --> main.handleLogout (4 handlers)
[GIN-debug] GET    /inventory/               --> main.handleGetInventory (4 handlers)
[GIN-debug] POST   /inventory/               --> main.handleAddIngredient (4 handlers)
[GIN-debug] PUT    /inventory/:id            --> main.handleUpdateIngredient (4 handlers)
[GIN-debug] DELETE /inventory/:id            --> main.handleDeleteIngredient (4 handlers)
[GIN-debug] GET    /dashboard/overview       --> main.handleGetDashboardOverview (4 handlers)
[GIN-debug] GET    /dashboard/analytics      --> main.handleGetDashboardAnalytics (4 handlers)
[GIN-debug] GET    /recipes/                 --> main.handleGetRecipes (4 handlers)
[GIN-debug] POST   /recipes/                 --> main.handleSaveRecipe (4 handlers)
[GIN-debug] PUT    /recipes/:id              --> main.handleUpdateRecipe (4 handlers)
[GIN-debug] DELETE /recipes/:id              --> main.handleDeleteRecipe (4 handlers)
[GIN-debug] GET    /mealplans/               --> main.handleGetMealPlans (4 handlers)
[GIN-debug] GET    /mealplans/:id            --> main.handleGetMealPlanByID (4 handlers)
[GIN-debug] POST   /mealplans/               --> main.handleSaveMealPlan (4 handlers)
[GIN-debug] PATCH  /mealplans/:id/status     --> main.handleUpdateMealPlanStatus (4 handlers)
[GIN-debug] GET    /mealplans/active/menu    --> main.handleGetActiveMenuForStudents (4 handlers)
[GIN-debug] GET    /mealplans/active/ingredients --> main.handleGetActivePlanIngredients (4 handlers)
[GIN-debug] GET    /users/                   --> main.handleGetAccounts (4 handlers)
[GIN-debug] GET    /users/pending            --> main.handleGetPendingAccounts (4 handlers)
[GIN-debug] GET    /users/profile/:id        --> main.handleGetProfile (4 handlers)
[GIN-debug] PUT    /users/profile/:id        --> main.handleUpdateProfile (4 handlers)
[GIN-debug] PATCH  /users/status/:id         --> main.handleToggleStatus (4 handlers)
[GIN-debug] GET    /users/pending-count      --> main.handleGetPendingCount (4 handlers)
[GIN-debug] DELETE /users/:id                --> main.handleDeleteUser (4 handlers)
[GIN-debug] GET    /api/health               --> main.main.func4 (5 handlers)
[GIN-debug] GET    /api/dashboard/overview   --> main.handleGetDashboardOverview (5 handlers)
[GIN-debug] GET    /api/dashboard/analytics  --> main.handleGetDashboardAnalytics (5 handlers)
[GIN-debug] GET    /api/inventory            --> main.handleGetInventory (5 handlers)
[GIN-debug] POST   /api/inventory            --> main.handleAddIngredient (5 handlers)
[GIN-debug] PUT    /api/inventory/:id        --> main.handleUpdateIngredient (5 handlers)
[GIN-debug] DELETE /api/inventory/:id        --> main.handleDeleteIngredient (5 handlers)
[GIN-debug] GET    /api/recipes              --> main.handleGetRecipes (5 handlers)
[GIN-debug] POST   /api/recipes              --> main.handleSaveRecipe (5 handlers)
[GIN-debug] PUT    /api/recipes/:id          --> main.handleUpdateRecipe (5 handlers)
[GIN-debug] DELETE /api/recipes/:id          --> main.handleDeleteRecipe (5 handlers)
[GIN-debug] GET    /api/meal-plans           --> main.handleGetMealPlans (5 handlers)
[GIN-debug] GET    /api/meal-plans/:id       --> main.handleGetMealPlanByID (5 handlers)
[GIN-debug] POST   /api/meal-plans           --> main.handleSaveMealPlan (5 handlers)
[GIN-debug] PATCH  /api/meal-plans/:id/status --> main.handleUpdateMealPlanStatus (5 handlers)
[GIN-debug] GET    /api/meal-plans/active    --> main.handleGetActiveMenuForStudents (5 handlers)
[GIN-debug] GET    /api/meal-plans/active/ingredients --> main.handleGetActivePlanIngredients (5 handlers)
[GIN-debug] GET    /api/profile/:id          --> main.handleGetProfile (5 handlers)
[GIN-debug] PUT    /api/profile/:id          --> main.handleUpdateProfile (5 handlers)
[GIN-debug] GET    /api/users/profile/:id    --> main.handleGetProfile (5 handlers)
[GIN-debug] PUT    /api/users/profile/:id    --> main.handleUpdateProfile (5 handlers)
[GIN-debug] GET    /api/users/pending        --> main.handleGetPendingAccounts (5 handlers)
[GIN-debug] GET    /api/users                --> main.handleGetAccounts (5 handlers)
[GIN-debug] DELETE /api/users/:id            --> main.handleDeleteUser (5 handlers)
[GIN-debug] PATCH  /api/users/:id/status     --> main.handleToggleStatus (5 handlers)
[GIN-debug] GET    /profile/:id              --> main.handleGetProfile (4 handlers)
[GIN-debug] PUT    /profile/:id              --> main.handleUpdateProfile (4 handlers)
[GIN-debug] Listening and serving HTTP on :8081
[GIN] 2026/03/23 - 19:20:39 | 200 |   7.42ms |       127.0.0.1 | GET      "/inventory/"
